[debug] [2025-03-06T15:36:08.463Z] ----------------------------------------------------------------------
[debug] [2025-03-06T15:36:08.464Z] Command:       /opt/homebrew/Cellar/node/23.9.0/bin/node /opt/homebrew/bin/firebase deploy
[debug] [2025-03-06T15:36:08.464Z] CLI Version:   13.32.0
[debug] [2025-03-06T15:36:08.464Z] Platform:      darwin
[debug] [2025-03-06T15:36:08.464Z] Node Version:  v23.9.0
[debug] [2025-03-06T15:36:08.464Z] Time:          Thu Mar 06 2025 21:06:08 GMT+0530 (India Standard Time)
[debug] [2025-03-06T15:36:08.464Z] ----------------------------------------------------------------------
[debug] 
[debug] [2025-03-06T15:36:08.524Z] > command requires scopes: ["email","openid","https://www.googleapis.com/auth/cloudplatformprojects.readonly","https://www.googleapis.com/auth/firebase","https://www.googleapis.com/auth/cloud-platform"]
[debug] [2025-03-06T15:36:08.525Z] > authorizing via signed-in user (prateekshetty66@gmail.com)
[debug] [2025-03-06T15:36:08.525Z] [iam] checking project netflixgpt-de8f1 for permissions ["firebase.projects.get","firebasehosting.sites.update"]
[debug] [2025-03-06T15:36:08.525Z] Checked if tokens are valid: true, expires at: 1741278954292
[debug] [2025-03-06T15:36:08.525Z] Checked if tokens are valid: true, expires at: 1741278954292
[debug] [2025-03-06T15:36:08.525Z] >>> [apiv2][query] POST https://cloudresourcemanager.googleapis.com/v1/projects/netflixgpt-de8f1:testIamPermissions [none]
[debug] [2025-03-06T15:36:08.525Z] >>> [apiv2][(partial)header] POST https://cloudresourcemanager.googleapis.com/v1/projects/netflixgpt-de8f1:testIamPermissions x-goog-quota-user=projects/netflixgpt-de8f1
[debug] [2025-03-06T15:36:08.525Z] >>> [apiv2][body] POST https://cloudresourcemanager.googleapis.com/v1/projects/netflixgpt-de8f1:testIamPermissions {"permissions":["firebase.projects.get","firebasehosting.sites.update"]}
[debug] [2025-03-06T15:38:34.009Z] ----------------------------------------------------------------------
[debug] [2025-03-06T15:38:34.010Z] Command:       /opt/homebrew/Cellar/node/23.9.0/bin/node /opt/homebrew/bin/firebase deploy
[debug] [2025-03-06T15:38:34.010Z] CLI Version:   13.32.0
[debug] [2025-03-06T15:38:34.010Z] Platform:      darwin
[debug] [2025-03-06T15:38:34.010Z] Node Version:  v23.9.0
[debug] [2025-03-06T15:38:34.010Z] Time:          Thu Mar 06 2025 21:08:34 GMT+0530 (India Standard Time)
[debug] [2025-03-06T15:38:34.010Z] ----------------------------------------------------------------------
[debug] 
[debug] [2025-03-06T15:38:34.070Z] > command requires scopes: ["email","openid","https://www.googleapis.com/auth/cloudplatformprojects.readonly","https://www.googleapis.com/auth/firebase","https://www.googleapis.com/auth/cloud-platform"]
[debug] [2025-03-06T15:38:34.070Z] > authorizing via signed-in user (prateekshetty66@gmail.com)
[debug] [2025-03-06T15:38:34.071Z] [iam] checking project netflixgpt-de8f1 for permissions ["firebase.projects.get","firebasehosting.sites.update"]
[debug] [2025-03-06T15:38:34.071Z] Checked if tokens are valid: true, expires at: 1741278954292
[debug] [2025-03-06T15:38:34.071Z] Checked if tokens are valid: true, expires at: 1741278954292
[debug] [2025-03-06T15:38:34.071Z] >>> [apiv2][query] POST https://cloudresourcemanager.googleapis.com/v1/projects/netflixgpt-de8f1:testIamPermissions [none]
[debug] [2025-03-06T15:38:34.071Z] >>> [apiv2][(partial)header] POST https://cloudresourcemanager.googleapis.com/v1/projects/netflixgpt-de8f1:testIamPermissions x-goog-quota-user=projects/netflixgpt-de8f1
[debug] [2025-03-06T15:38:34.071Z] >>> [apiv2][body] POST https://cloudresourcemanager.googleapis.com/v1/projects/netflixgpt-de8f1:testIamPermissions {"permissions":["firebase.projects.get","firebasehosting.sites.update"]}
[debug] [2025-03-06T15:38:35.355Z] <<< [apiv2][status] POST https://cloudresourcemanager.googleapis.com/v1/projects/netflixgpt-de8f1:testIamPermissions 200
[debug] [2025-03-06T15:38:35.355Z] <<< [apiv2][body] POST https://cloudresourcemanager.googleapis.com/v1/projects/netflixgpt-de8f1:testIamPermissions {"permissions":["firebase.projects.get","firebasehosting.sites.update"]}
[debug] [2025-03-06T15:38:35.356Z] Checked if tokens are valid: true, expires at: 1741278954292
[debug] [2025-03-06T15:38:35.356Z] Checked if tokens are valid: true, expires at: 1741278954292
[debug] [2025-03-06T15:38:35.356Z] >>> [apiv2][query] GET https://firebase.googleapis.com/v1beta1/projects/netflixgpt-de8f1 [none]
[debug] [2025-03-06T15:38:41.335Z] ----------------------------------------------------------------------
[debug] [2025-03-06T15:38:41.336Z] Command:       /opt/homebrew/Cellar/node/23.9.0/bin/node /opt/homebrew/bin/firebase init
[debug] [2025-03-06T15:38:41.336Z] CLI Version:   13.32.0
[debug] [2025-03-06T15:38:41.336Z] Platform:      darwin
[debug] [2025-03-06T15:38:41.336Z] Node Version:  v23.9.0
[debug] [2025-03-06T15:38:41.336Z] Time:          Thu Mar 06 2025 21:08:41 GMT+0530 (India Standard Time)
[debug] [2025-03-06T15:38:41.336Z] ----------------------------------------------------------------------
[debug] 
[debug] [2025-03-06T15:38:41.396Z] > command requires scopes: ["email","openid","https://www.googleapis.com/auth/cloudplatformprojects.readonly","https://www.googleapis.com/auth/firebase","https://www.googleapis.com/auth/cloud-platform"]
[debug] [2025-03-06T15:38:41.396Z] > authorizing via signed-in user (prateekshetty66@gmail.com)
[info] 
     ######## #### ########  ######## ########     ###     ######  ########
     ##        ##  ##     ## ##       ##     ##  ##   ##  ##       ##
     ######    ##  ########  ######   ########  #########  ######  ######
     ##        ##  ##    ##  ##       ##     ## ##     ##       ## ##
     ##       #### ##     ## ######## ########  ##     ##  ######  ########

You're about to initialize a Firebase project in this directory:

  /Users/prateekshetty/Documents/Prateek/Namaste React/React Projects/netfix-gpt

Before we get started, keep in mind:

  * You are initializing within an existing Firebase project directory

[info] 
=== Project Setup
[info] 
[info] First, let's associate this project directory with a Firebase project.
[info] You can create multiple project aliases by running firebase use --add, 
[info] but for now we'll just set up a default project.
[info] 
[debug] [2025-03-06T15:39:02.008Z] Using project from CLI flag: netflixgpt-de8f1
[debug] [2025-03-06T15:39:02.009Z] Checked if tokens are valid: true, expires at: 1741278954292
[debug] [2025-03-06T15:39:02.009Z] Checked if tokens are valid: true, expires at: 1741278954292
[debug] [2025-03-06T15:39:02.010Z] >>> [apiv2][query] GET https://firebase.googleapis.com/v1beta1/projects/netflixgpt-de8f1 [none]
[debug] [2025-03-06T15:39:20.500Z] ----------------------------------------------------------------------
[debug] [2025-03-06T15:39:20.501Z] Command:       /opt/homebrew/Cellar/node/23.9.0/bin/node /opt/homebrew/bin/firebase deploy
[debug] [2025-03-06T15:39:20.501Z] CLI Version:   13.32.0
[debug] [2025-03-06T15:39:20.501Z] Platform:      darwin
[debug] [2025-03-06T15:39:20.501Z] Node Version:  v23.9.0
[debug] [2025-03-06T15:39:20.501Z] Time:          Thu Mar 06 2025 21:09:20 GMT+0530 (India Standard Time)
[debug] [2025-03-06T15:39:20.501Z] ----------------------------------------------------------------------
[debug] 
[debug] [2025-03-06T15:39:20.560Z] > command requires scopes: ["email","openid","https://www.googleapis.com/auth/cloudplatformprojects.readonly","https://www.googleapis.com/auth/firebase","https://www.googleapis.com/auth/cloud-platform"]
[debug] [2025-03-06T15:39:20.561Z] > authorizing via signed-in user (prateekshetty66@gmail.com)
[debug] [2025-03-06T15:39:20.561Z] [iam] checking project netflixgpt-de8f1 for permissions ["firebase.projects.get","firebasehosting.sites.update"]
[debug] [2025-03-06T15:39:20.561Z] Checked if tokens are valid: true, expires at: 1741278954292
[debug] [2025-03-06T15:39:20.561Z] Checked if tokens are valid: true, expires at: 1741278954292
[debug] [2025-03-06T15:39:20.561Z] >>> [apiv2][query] POST https://cloudresourcemanager.googleapis.com/v1/projects/netflixgpt-de8f1:testIamPermissions [none]
[debug] [2025-03-06T15:39:20.561Z] >>> [apiv2][(partial)header] POST https://cloudresourcemanager.googleapis.com/v1/projects/netflixgpt-de8f1:testIamPermissions x-goog-quota-user=projects/netflixgpt-de8f1
[debug] [2025-03-06T15:39:20.561Z] >>> [apiv2][body] POST https://cloudresourcemanager.googleapis.com/v1/projects/netflixgpt-de8f1:testIamPermissions {"permissions":["firebase.projects.get","firebasehosting.sites.update"]}
